<?xml version="1.0" encoding="UTF-8"?>
<testng-results ignored="0" total="1" passed="1" failed="0" skipped="0">
  <reporter-output>
  </reporter-output>
  <suite started-at="2026-02-11T16:56:25 UTC" name="Default suite" finished-at="2026-02-11T16:56:28 UTC" duration-ms="2842">
    <groups>
    </groups>
    <test started-at="2026-02-11T16:56:25 UTC" name="Default test" finished-at="2026-02-11T16:56:28 UTC" duration-ms="2842">
      <class name="Extentreport.ExtentReportDemo">
        <test-method is-config="true" signature="starttest()[pri:0, instance:Extentreport.ExtentReportDemo@3eb25e1a]" started-at="2026-02-11T16:56:25 UTC" name="starttest" finished-at="2026-02-11T16:56:25 UTC" duration-ms="76" status="PASS">
          <reporter-output>
          </reporter-output>
        </test-method> <!-- starttest -->
        <test-method signature="extenttest()[pri:0, instance:Extentreport.ExtentReportDemo@3eb25e1a]" started-at="2026-02-11T16:56:25 UTC" name="extenttest" finished-at="2026-02-11T16:56:27 UTC" duration-ms="2513" status="PASS">
          <reporter-output>
          </reporter-output>
        </test-method> <!-- extenttest -->
        <test-method is-config="true" signature="teardown()[pri:0, instance:Extentreport.ExtentReportDemo@3eb25e1a]" started-at="2026-02-11T16:56:27 UTC" name="teardown" finished-at="2026-02-11T16:56:28 UTC" duration-ms="220" status="PASS">
          <reporter-output>
          </reporter-output>
        </test-method> <!-- teardown -->
      </class> <!-- Extentreport.ExtentReportDemo -->
    </test> <!-- Default test -->
  </suite> <!-- Default suite -->
</testng-results>
