<?xml version="1.0" encoding="UTF-8"?>
<testng-results ignored="0" total="1" passed="1" failed="0" skipped="0">
  <reporter-output>
  </reporter-output>
  <suite started-at="2026-02-12T04:24:06 UTC" name="Default suite" finished-at="2026-02-12T04:24:09 UTC" duration-ms="2701">
    <groups>
    </groups>
    <test started-at="2026-02-12T04:24:06 UTC" name="Default test" finished-at="2026-02-12T04:24:09 UTC" duration-ms="2701">
      <class name="Extentreport.ExtentReportDemo">
        <test-method is-config="true" signature="starttest()[pri:0, instance:Extentreport.ExtentReportDemo@3eb25e1a]" started-at="2026-02-12T04:24:06 UTC" name="starttest" finished-at="2026-02-12T04:24:06 UTC" duration-ms="82" status="PASS">
          <reporter-output>
          </reporter-output>
        </test-method> <!-- starttest -->
        <test-method signature="extenttest()[pri:0, instance:Extentreport.ExtentReportDemo@3eb25e1a]" started-at="2026-02-12T04:24:06 UTC" name="extenttest" finished-at="2026-02-12T04:24:08 UTC" duration-ms="2389" status="PASS">
          <reporter-output>
          </reporter-output>
        </test-method> <!-- extenttest -->
        <test-method is-config="true" signature="teardown()[pri:0, instance:Extentreport.ExtentReportDemo@3eb25e1a]" started-at="2026-02-12T04:24:08 UTC" name="teardown" finished-at="2026-02-12T04:24:09 UTC" duration-ms="200" status="PASS">
          <reporter-output>
          </reporter-output>
        </test-method> <!-- teardown -->
      </class> <!-- Extentreport.ExtentReportDemo -->
    </test> <!-- Default test -->
  </suite> <!-- Default suite -->
</testng-results>
