<?xml version="1.0" encoding="UTF-8"?>
<!-- Generated by org.testng.reporters.JUnitReportReporter -->
<testsuite hostname="ip-172-31-41-138" failures="0" tests="2" name="stepdefinitions.testrunnerfortags" time="0.075" errors="0" timestamp="2026-01-30T06:24:43 UTC" skipped="0">
  <testcase classname="stepdefinitions.testrunnerfortags" name="runScenario" time="0.073"/>
  <testcase classname="stepdefinitions.testrunnerfortags" name="runScenario" time="0.002"/>
</testsuite> <!-- stepdefinitions.testrunnerfortags -->
